
=== 第1天 ===

角色状态：
Ava | 年龄:25 健康:80 财富:117 心情:89 饥饿:13 技能(生存:10 社交:5 工作:6) 经验:0 位置:家 物品:{} 关系:{} 性格:外向 偏好:娱乐 声望:0 家族:None 社交圈:[]
Ben | 年龄:30 健康:76 财富:84 心情:81 饥饿:30 技能(生存:4 社交:2 工作:2) 经验:0 位置:医院 物品:{} 关系:{'Dan': '合作'} 性格:内向 偏好:学习 声望:0 家族:None 社交圈:['Dan']
Cara | 年龄:28 健康:75 财富:56 心情:80 饥饿:10 技能(生存:6 社交:6 工作:4) 经验:0 位置:医院 物品:{} 关系:{} 性格:冒险 偏好:购物 声望:0 家族:None 社交圈:[]
Dan | 年龄:35 健康:65 财富:123 心情:54 饥饿:8 技能(生存:2 社交:2 工作:3) 经验:0 位置:公园 物品:{} 关系:{'Cara': '合作', 'Eve': '合作', 'Ben': '合作'} 性格:保守 偏好:投资 声望:0 家族:None 社交圈:['Ben', 'Eve']
Eve | 年龄:22 健康:66 财富:52 心情:71 饥饿:20 技能(生存:10 社交:7 工作:5) 经验:0 位置:公司 物品:{} 关系:{'Dan': '合作'} 性格:慷慨 偏好:社交 声望:2 家族:None 社交圈:['Dan']

=== 第2天 ===

角色状态：
Ava | 年龄:25 健康:80 财富:117 心情:89 饥饿:13 技能(生存:10 社交:5 工作:6) 经验:0 位置:家 物品:{} 关系:{} 性格:外向 偏好:娱乐 声望:0 家族:None 社交圈:[]
Ben | 年龄:30 健康:76 财富:84 心情:81 饥饿:30 技能(生存:4 社交:2 工作:2) 经验:0 位置:医院 物品:{} 关系:{'Dan': '合作'} 性格:内向 偏好:学习 声望:0 家族:None 社交圈:['Dan']
Cara | 年龄:28 健康:75 财富:56 心情:80 饥饿:10 技能(生存:6 社交:6 工作:4) 经验:0 位置:医院 物品:{} 关系:{} 性格:冒险 偏好:购物 声望:0 家族:None 社交圈:[]
Dan | 年龄:35 健康:65 财富:123 心情:54 饥饿:8 技能(生存:2 社交:2 工作:3) 经验:0 位置:公园 物品:{} 关系:{'Cara': '合作', 'Eve': '合作', 'Ben': '合作'} 性格:保守 偏好:投资 声望:0 家族:None 社交圈:['Ben', 'Eve']
Eve | 年龄:22 健康:66 财富:52 心情:71 饥饿:20 技能(生存:10 社交:7 工作:3) 经验:0 位置:公司 物品:{} 关系:{'Dan': '合作'} 性格:慷慨 偏好:社交 声望:2 家族:None 社交圈:['Dan']

=== 第3天 ===

角色状态：
Ava | 年龄:25 健康:80 财富:117 心情:89 饥饿:13 技能(生存:10 社交:5 工作:6) 经验:0 位置:家 物品:{} 关系:{'Eve': '合作', 'Dan': '合作'} 性格:外向 偏好:娱乐 声望:0 家族:None 社交圈:['Eve', 'Dan']
Ben | 年龄:30 健康:76 财富:84 心情:81 饥饿:30 技能(生存:4 社交:2 工作:2) 经验:0 位置:医院 物品:{} 关系:{'Dan': '合作'} 性格:内向 偏好:学习 声望:0 家族:None 社交圈:['Dan']
Cara | 年龄:28 健康:75 财富:56 心情:80 饥饿:10 技能(生存:6 社交:6 工作:4) 经验:0 位置:医院 物品:{} 关系:{} 性格:冒险 偏好:购物 声望:0 家族:None 社交圈:[]
Dan | 年龄:35 健康:65 财富:123 心情:54 饥饿:8 技能(生存:2 社交:2 工作:3) 经验:0 位置:公园 物品:{} 关系:{'Cara': '合作', 'Eve': '合作', 'Ben': '合作', 'Ava': '合作'} 性格:保守 偏好:投资 声望:0 家族:None 社交圈:['Ava', 'Ben', 'Eve']
Eve | 年龄:22 健康:66 财富:52 心情:71 饥饿:20 技能(生存:10 社交:7 工作:3) 经验:0 位置:公司 物品:{} 关系:{'Dan': '合作', 'Ava': '合作'} 性格:慷慨 偏好:社交 声望:2 家族:None 社交圈:['Ava', 'Dan']

=== 第4天 ===

角色状态：
Ava | 年龄:25 健康:80 财富:117 心情:89 饥饿:13 技能(生存:10 社交:5 工作:6) 经验:0 位置:家 物品:{} 关系:{'Eve': '合作', 'Dan': '合作'} 性格:外向 偏好:娱乐 声望:0 家族:None 社交圈:['Eve', 'Dan']
Ben | 年龄:30 健康:76 财富:84 心情:81 饥饿:30 技能(生存:4 社交:2 工作:2) 经验:0 位置:医院 物品:{} 关系:{'Dan': '合作', 'Eve': '合作', 'Cara': '合作'} 性格:内向 偏好:学习 声望:0 家族:None 社交圈:['Cara', 'Dan']
Cara | 年龄:28 健康:60 财富:56 心情:80 饥饿:10 技能(生存:6 社交:6 工作:4) 经验:0 位置:医院 物品:{} 关系:{'Ben': '合作'} 性格:冒险 偏好:购物 声望:0 家族:None 社交圈:['Ben']
Dan | 年龄:35 健康:50 财富:123 心情:54 饥饿:8 技能(生存:2 社交:2 工作:3) 经验:0 位置:公园 物品:{} 关系:{'Cara': '合作', 'Eve': '合作', 'Ben': '合作', 'Ava': '合作'} 性格:保守 偏好:投资 声望:0 家族:None 社交圈:['Ava', 'Ben', 'Eve']
Eve | 年龄:22 健康:66 财富:52 心情:71 饥饿:20 技能(生存:10 社交:7 工作:3) 经验:0 位置:公司 物品:{} 关系:{'Dan': '合作', 'Ava': '合作'} 性格:慷慨 偏好:社交 声望:2 家族:None 社交圈:['Ava', 'Dan']

=== 第5天 ===

角色状态：
Ava | 年龄:25 健康:80 财富:122 心情:89 饥饿:13 技能(生存:10 社交:5 工作:6) 经验:0 位置:家 物品:{} 关系:{'Eve': '合作', 'Dan': '合作'} 性格:外向 偏好:娱乐 声望:0 家族:None 社交圈:['Eve', 'Dan']
Ben | 年龄:30 健康:76 财富:84 心情:81 饥饿:30 技能(生存:4 社交:2 工作:2) 经验:0 位置:医院 物品:{} 关系:{'Dan': '合作', 'Eve': '合作', 'Cara': '合作'} 性格:内向 偏好:学习 声望:0 家族:None 社交圈:['Cara', 'Dan']
Cara | 年龄:28 健康:60 财富:56 心情:80 饥饿:10 技能(生存:6 社交:6 工作:4) 经验:0 位置:医院 物品:{} 关系:{'Ben': '合作'} 性格:冒险 偏好:购物 声望:0 家族:None 社交圈:['Ben']
Dan | 年龄:35 健康:50 财富:123 心情:54 饥饿:8 技能(生存:2 社交:2 工作:3) 经验:0 位置:公园 物品:{} 关系:{'Cara': '合作', 'Eve': '合作', 'Ben': '合作', 'Ava': '合作'} 性格:保守 偏好:投资 声望:0 家族:None 社交圈:['Ava', 'Ben', 'Eve']
Eve | 年龄:22 健康:66 财富:47 心情:71 饥饿:20 技能(生存:10 社交:7 工作:3) 经验:0 位置:公司 物品:{} 关系:{'Dan': '合作', 'Ava': '合作', 'Ben': '合作'} 性格:慷慨 偏好:社交 声望:4 家族:None 社交圈:['Ava', 'Dan']
